<?xml version="1.0" encoding="UTF-8"?>
<!-- Generated by org.testng.reporters.JUnitXMLReporter -->
<testsuite ignored="2" hostname="Yash" failures="0" tests="1" name="Test2" time="22.847" errors="0" timestamp="2026-01-09T13:35:41 IST">
  <testcase classname="testcaseixigo.LoginTestError" name="TC002_LoginTestError" time="20.672"/>
  <testcase classname="TestBase.BaseClass" name="@BeforeSuite startReport" time="0.0">
    <ignored/>
  </testcase> <!-- @BeforeSuite startReport -->
  <testcase classname="TestBase.BaseClass" name="@AfterSuite endReport" time="0.0">
    <ignored/>
  </testcase> <!-- @AfterSuite endReport -->
</testsuite> <!-- Test2 -->
