<?xml version="1.0" encoding="UTF-8"?>
<!-- Generated by org.testng.reporters.JUnitXMLReporter -->
<testsuite ignored="2" hostname="Yash" failures="0" tests="1" name="Test3" time="87.833" errors="0" timestamp="2026-01-09T13:37:09 IST">
  <testcase classname="testcaseixigo.BookingPageNavigationTest" name="TC003_BookingTest" time="85.632"/>
  <testcase classname="TestBase.BaseClass" name="@AfterSuite endReport" time="0.0">
    <ignored/>
  </testcase> <!-- @AfterSuite endReport -->
  <testcase classname="TestBase.BaseClass" name="@BeforeSuite startReport" time="0.0">
    <ignored/>
  </testcase> <!-- @BeforeSuite startReport -->
</testsuite> <!-- Test3 -->
